app/build/intermediates/manifest_merge_blame_file/prepaidRelease/processPrepaidReleaseMainManifest/manifest-merger-blame-prepaid-release-report.txt
1<?xml version="1.0" encoding="utf-8"?>
2<manifest xmlns:android="http://schemas.android.com/apk/res/android"
3    package="com.simplemobiletools.smsmessenger"
4    android:installLocation="auto"
5    android:versionCode="85"
6    android:versionName="5.19.3" >
7
8    <uses-sdk
9        android:minSdkVersion="23"
10        android:targetSdkVersion="34" />
11
12    <uses-permission android:name="android.permission.INTERNET" />
12-->src/main/AndroidManifest.xml:6:5-67
12-->src/main/AndroidManifest.xml:6:22-64
13    <uses-permission android:name="android.permission.READ_SMS" />
13-->src/main/AndroidManifest.xml:7:5-67
13-->src/main/AndroidManifest.xml:7:22-64
14    <uses-permission android:name="android.permission.WRITE_SMS" />
14-->src/main/AndroidManifest.xml:8:5-68
14-->src/main/AndroidManifest.xml:8:22-65
15    <uses-permission android:name="android.permission.SEND_SMS" />
15-->src/main/AndroidManifest.xml:9:5-67
15-->src/main/AndroidManifest.xml:9:22-64
16    <uses-permission android:name="android.permission.RECEIVE_SMS" />
16-->src/main/AndroidManifest.xml:10:5-70
16-->src/main/AndroidManifest.xml:10:22-67
17    <uses-permission android:name="android.permission.RECEIVE_MMS" />
17-->src/main/AndroidManifest.xml:11:5-70
17-->src/main/AndroidManifest.xml:11:22-67
18    <uses-permission android:name="android.provider.Telephony.SMS_RECEIVED" />
18-->src/main/AndroidManifest.xml:12:5-79
18-->src/main/AndroidManifest.xml:12:22-76
19    <uses-permission android:name="android.permission.WAKE_LOCK" />
19-->src/main/AndroidManifest.xml:13:5-68
19-->src/main/AndroidManifest.xml:13:22-65
20    <uses-permission android:name="android.permission.SCHEDULE_EXACT_ALARM" />
20-->src/main/AndroidManifest.xml:14:5-79
20-->src/main/AndroidManifest.xml:14:22-76
21    <uses-permission android:name="android.permission.READ_PHONE_STATE" />
21-->src/main/AndroidManifest.xml:15:5-75
21-->src/main/AndroidManifest.xml:15:22-72
22    <uses-permission android:name="android.permission.POST_NOTIFICATIONS" />
22-->src/main/AndroidManifest.xml:16:5-77
22-->src/main/AndroidManifest.xml:16:22-74
23    <uses-permission android:name="android.permission.READ_SYNC_SETTINGS" />
23-->src/main/AndroidManifest.xml:17:5-77
23-->src/main/AndroidManifest.xml:17:22-74
24    <uses-permission
24-->src/main/AndroidManifest.xml:19:5-21:38
25        android:name="android.permission.WRITE_EXTERNAL_STORAGE"
25-->src/main/AndroidManifest.xml:20:9-65
26        android:maxSdkVersion="28" />
26-->src/main/AndroidManifest.xml:21:9-35
27    <uses-permission android:name="android.permission.READ_CONTACTS" />
27-->src/main/AndroidManifest.xml:23:5-72
27-->src/main/AndroidManifest.xml:23:22-69
28
29    <queries>
29-->src/main/AndroidManifest.xml:28:5-31:15
30        <package android:name="com.simplemobiletools.contacts.pro.debug" />
30-->src/main/AndroidManifest.xml:29:9-76
30-->src/main/AndroidManifest.xml:29:18-73
31        <package android:name="com.simplemobiletools.contacts.pro" />
31-->src/main/AndroidManifest.xml:30:9-70
31-->src/main/AndroidManifest.xml:30:18-67
32        <package android:name="com.simplemobiletools.thankyou.debug" />
32-->[com.github.SimpleMobileTools:Simple-Commons:b72ded2a75] AndroidManifest.xml:9:9-72
32-->[com.github.SimpleMobileTools:Simple-Commons:b72ded2a75] AndroidManifest.xml:9:18-69
33        <package android:name="com.simplemobiletools.thankyou" />
33-->[com.github.SimpleMobileTools:Simple-Commons:b72ded2a75] AndroidManifest.xml:10:9-66
33-->[com.github.SimpleMobileTools:Simple-Commons:b72ded2a75] AndroidManifest.xml:10:18-63
34    </queries>
35
36    <uses-feature android:name="android.hardware.telephony" />
36-->src/main/AndroidManifest.xml:33:5-63
36-->src/main/AndroidManifest.xml:33:19-60
37    <uses-feature
37-->[com.github.SimpleMobileTools:Simple-Commons:b72ded2a75] AndroidManifest.xml:13:5-15:36
38        android:name="android.hardware.faketouch"
38-->[com.github.SimpleMobileTools:Simple-Commons:b72ded2a75] AndroidManifest.xml:14:9-50
39        android:required="false" />
39-->[com.github.SimpleMobileTools:Simple-Commons:b72ded2a75] AndroidManifest.xml:15:9-33
40    <uses-feature
40-->[com.github.SimpleMobileTools:Simple-Commons:b72ded2a75] AndroidManifest.xml:16:5-18:36
41        android:name="android.hardware.screen.portrait"
41-->[com.github.SimpleMobileTools:Simple-Commons:b72ded2a75] AndroidManifest.xml:17:9-56
42        android:required="false" /> <!-- suppress DeprecatedClassUsageInspection -->
42-->[com.github.SimpleMobileTools:Simple-Commons:b72ded2a75] AndroidManifest.xml:18:9-33
43    <uses-permission android:name="android.permission.USE_FINGERPRINT" />
43-->[androidx.biometric:biometric:1.2.0-alpha05] AndroidManifest.xml:25:5-74
43-->[androidx.biometric:biometric:1.2.0-alpha05] AndroidManifest.xml:25:22-71
44
45    <permission
45-->[androidx.core:core:1.12.0] AndroidManifest.xml:22:5-24:47
46        android:name="com.simplemobiletools.smsmessenger.DYNAMIC_RECEIVER_NOT_EXPORTED_PERMISSION"
46-->[androidx.core:core:1.12.0] AndroidManifest.xml:23:9-81
47        android:protectionLevel="signature" /> <!-- for android -->
47-->[androidx.core:core:1.12.0] AndroidManifest.xml:24:9-44
48    <!-- <uses-permission android:name="com.android.launcher.permission.READ_SETTINGS"/> -->
49    <!-- <uses-permission android:name="com.android.launcher.permission.WRITE_SETTINGS"/> -->
50    <!-- <uses-permission android:name="com.android.launcher.permission.INSTALL_SHORTCUT" /> -->
51    <!-- <uses-permission android:name="com.android.launcher.permission.UNINSTALL_SHORTCUT" /> -->
52    <!-- for Samsung -->
53    <uses-permission android:name="com.sec.android.provider.badge.permission.READ" />
53-->[me.leolin:ShortcutBadger:1.1.22] AndroidManifest.xml:19:5-86
53-->[me.leolin:ShortcutBadger:1.1.22] AndroidManifest.xml:19:22-83
54    <uses-permission android:name="com.sec.android.provider.badge.permission.WRITE" /> <!-- for htc -->
54-->[me.leolin:ShortcutBadger:1.1.22] AndroidManifest.xml:20:5-87
54-->[me.leolin:ShortcutBadger:1.1.22] AndroidManifest.xml:20:22-84
55    <uses-permission android:name="com.htc.launcher.permission.READ_SETTINGS" />
55-->[me.leolin:ShortcutBadger:1.1.22] AndroidManifest.xml:23:5-81
55-->[me.leolin:ShortcutBadger:1.1.22] AndroidManifest.xml:23:22-78
56    <uses-permission android:name="com.htc.launcher.permission.UPDATE_SHORTCUT" /> <!-- for sony -->
56-->[me.leolin:ShortcutBadger:1.1.22] AndroidManifest.xml:24:5-83
56-->[me.leolin:ShortcutBadger:1.1.22] AndroidManifest.xml:24:22-80
57    <uses-permission android:name="com.sonyericsson.home.permission.BROADCAST_BADGE" />
57-->[me.leolin:ShortcutBadger:1.1.22] AndroidManifest.xml:27:5-88
57-->[me.leolin:ShortcutBadger:1.1.22] AndroidManifest.xml:27:22-85
58    <uses-permission android:name="com.sonymobile.home.permission.PROVIDER_INSERT_BADGE" /> <!-- for apex -->
58-->[me.leolin:ShortcutBadger:1.1.22] AndroidManifest.xml:28:5-92
58-->[me.leolin:ShortcutBadger:1.1.22] AndroidManifest.xml:28:22-89
59    <uses-permission android:name="com.anddoes.launcher.permission.UPDATE_COUNT" /> <!-- for solid -->
59-->[me.leolin:ShortcutBadger:1.1.22] AndroidManifest.xml:31:5-84
59-->[me.leolin:ShortcutBadger:1.1.22] AndroidManifest.xml:31:22-81
60    <uses-permission android:name="com.majeur.launcher.permission.UPDATE_BADGE" /> <!-- for huawei -->
60-->[me.leolin:ShortcutBadger:1.1.22] AndroidManifest.xml:34:5-83
60-->[me.leolin:ShortcutBadger:1.1.22] AndroidManifest.xml:34:22-80
61    <uses-permission android:name="com.huawei.android.launcher.permission.CHANGE_BADGE" />
61-->[me.leolin:ShortcutBadger:1.1.22] AndroidManifest.xml:37:5-91
61-->[me.leolin:ShortcutBadger:1.1.22] AndroidManifest.xml:37:22-88
62    <uses-permission android:name="com.huawei.android.launcher.permission.READ_SETTINGS" />
62-->[me.leolin:ShortcutBadger:1.1.22] AndroidManifest.xml:38:5-92
62-->[me.leolin:ShortcutBadger:1.1.22] AndroidManifest.xml:38:22-89
63    <uses-permission android:name="com.huawei.android.launcher.permission.WRITE_SETTINGS" /> <!-- for ZUK -->
63-->[me.leolin:ShortcutBadger:1.1.22] AndroidManifest.xml:39:5-93
63-->[me.leolin:ShortcutBadger:1.1.22] AndroidManifest.xml:39:22-90
64    <uses-permission android:name="android.permission.READ_APP_BADGE" /> <!-- for OPPO -->
64-->[me.leolin:ShortcutBadger:1.1.22] AndroidManifest.xml:42:5-73
64-->[me.leolin:ShortcutBadger:1.1.22] AndroidManifest.xml:42:22-70
65    <uses-permission android:name="com.oppo.launcher.permission.READ_SETTINGS" />
65-->[me.leolin:ShortcutBadger:1.1.22] AndroidManifest.xml:45:5-82
65-->[me.leolin:ShortcutBadger:1.1.22] AndroidManifest.xml:45:22-79
66    <uses-permission android:name="com.oppo.launcher.permission.WRITE_SETTINGS" /> <!-- for EvMe -->
66-->[me.leolin:ShortcutBadger:1.1.22] AndroidManifest.xml:46:5-83
66-->[me.leolin:ShortcutBadger:1.1.22] AndroidManifest.xml:46:22-80
67    <uses-permission android:name="me.everything.badger.permission.BADGE_COUNT_READ" />
67-->[me.leolin:ShortcutBadger:1.1.22] AndroidManifest.xml:49:5-88
67-->[me.leolin:ShortcutBadger:1.1.22] AndroidManifest.xml:49:22-85
68    <uses-permission android:name="me.everything.badger.permission.BADGE_COUNT_WRITE" />
68-->[me.leolin:ShortcutBadger:1.1.22] AndroidManifest.xml:50:5-89
68-->[me.leolin:ShortcutBadger:1.1.22] AndroidManifest.xml:50:22-86
69
70    <application
70-->src/main/AndroidManifest.xml:35:5-525:19
71        android:name="com.simplemobiletools.smsmessenger.App"
71-->src/main/AndroidManifest.xml:36:9-28
72        android:allowBackup="true"
72-->src/main/AndroidManifest.xml:37:9-35
73        android:appCategory="productivity"
73-->src/main/AndroidManifest.xml:38:9-43
74        android:appComponentFactory="androidx.core.app.CoreComponentFactory"
74-->[androidx.core:core:1.12.0] AndroidManifest.xml:28:18-86
75        android:extractNativeLibs="false"
76        android:icon="@mipmap/ic_launcher"
76-->src/main/AndroidManifest.xml:39:9-43
77        android:label="@string/app_launcher_name"
77-->src/main/AndroidManifest.xml:40:9-50
78        android:localeConfig="@xml/locale_config"
78-->src/main/AndroidManifest.xml:41:9-50
79        android:roundIcon="@mipmap/ic_launcher"
79-->src/main/AndroidManifest.xml:42:9-48
80        android:supportsRtl="true"
80-->[com.github.SimpleMobileTools:Simple-Commons:b72ded2a75] AndroidManifest.xml:32:18-44
81        android:theme="@style/AppTheme" >
81-->src/main/AndroidManifest.xml:43:9-40
82        <activity
82-->src/main/AndroidManifest.xml:45:9-48:50
83            android:name="com.simplemobiletools.smsmessenger.activities.SplashActivity"
83-->src/main/AndroidManifest.xml:46:13-54
84            android:exported="false"
84-->src/main/AndroidManifest.xml:47:13-37
85            android:theme="@style/SplashTheme" />
85-->src/main/AndroidManifest.xml:48:13-47
86
87        <activity-alias
87-->src/main/AndroidManifest.xml:512:9-524:26
88            android:name="com.simplemobiletools.smsmessenger.activities.SplashActivity.Grey_black"
88-->src/main/AndroidManifest.xml:513:13-65
89            android:enabled="false"
89-->src/main/AndroidManifest.xml:514:13-36
90            android:exported="true"
90-->src/main/AndroidManifest.xml:515:13-36
91            android:icon="@mipmap/ic_launcher_grey_black"
91-->src/main/AndroidManifest.xml:516:13-58
92            android:roundIcon="@mipmap/ic_launcher_grey_black"
92-->src/main/AndroidManifest.xml:517:13-63
93            android:targetActivity="com.simplemobiletools.smsmessenger.activities.SplashActivity" >
93-->src/main/AndroidManifest.xml:518:13-64
94            <intent-filter>
94-->src/main/AndroidManifest.xml:269:13-272:29
95                <action android:name="android.intent.action.MAIN" />
95-->src/main/AndroidManifest.xml:270:17-69
95-->src/main/AndroidManifest.xml:270:25-66
96
97                <category android:name="android.intent.category.LAUNCHER" />
97-->src/main/AndroidManifest.xml:271:17-77
97-->src/main/AndroidManifest.xml:271:27-74
98            </intent-filter>
99        </activity-alias>
100        <activity-alias
100-->src/main/AndroidManifest.xml:498:9-510:26
101            android:name="com.simplemobiletools.smsmessenger.activities.SplashActivity.Blue_grey"
101-->src/main/AndroidManifest.xml:499:13-64
102            android:enabled="false"
102-->src/main/AndroidManifest.xml:500:13-36
103            android:exported="true"
103-->src/main/AndroidManifest.xml:501:13-36
104            android:icon="@mipmap/ic_launcher_blue_grey"
104-->src/main/AndroidManifest.xml:502:13-57
105            android:roundIcon="@mipmap/ic_launcher_blue_grey"
105-->src/main/AndroidManifest.xml:503:13-62
106            android:targetActivity="com.simplemobiletools.smsmessenger.activities.SplashActivity" >
106-->src/main/AndroidManifest.xml:504:13-64
107            <intent-filter>
107-->src/main/AndroidManifest.xml:269:13-272:29
108                <action android:name="android.intent.action.MAIN" />
108-->src/main/AndroidManifest.xml:270:17-69
108-->src/main/AndroidManifest.xml:270:25-66
109
110                <category android:name="android.intent.category.LAUNCHER" />
110-->src/main/AndroidManifest.xml:271:17-77
110-->src/main/AndroidManifest.xml:271:27-74
111            </intent-filter>
112        </activity-alias>
113        <activity-alias
113-->src/main/AndroidManifest.xml:484:9-496:26
114            android:name="com.simplemobiletools.smsmessenger.activities.SplashActivity.Brown"
114-->src/main/AndroidManifest.xml:485:13-60
115            android:enabled="false"
115-->src/main/AndroidManifest.xml:486:13-36
116            android:exported="true"
116-->src/main/AndroidManifest.xml:487:13-36
117            android:icon="@mipmap/ic_launcher_brown"
117-->src/main/AndroidManifest.xml:488:13-53
118            android:roundIcon="@mipmap/ic_launcher_brown"
118-->src/main/AndroidManifest.xml:489:13-58
119            android:targetActivity="com.simplemobiletools.smsmessenger.activities.SplashActivity" >
119-->src/main/AndroidManifest.xml:490:13-64
120            <intent-filter>
120-->src/main/AndroidManifest.xml:269:13-272:29
121                <action android:name="android.intent.action.MAIN" />
121-->src/main/AndroidManifest.xml:270:17-69
121-->src/main/AndroidManifest.xml:270:25-66
122
123                <category android:name="android.intent.category.LAUNCHER" />
123-->src/main/AndroidManifest.xml:271:17-77
123-->src/main/AndroidManifest.xml:271:27-74
124            </intent-filter>
125        </activity-alias>
126        <activity-alias
126-->src/main/AndroidManifest.xml:470:9-482:26
127            android:name="com.simplemobiletools.smsmessenger.activities.SplashActivity.Deep_orange"
127-->src/main/AndroidManifest.xml:471:13-66
128            android:enabled="false"
128-->src/main/AndroidManifest.xml:472:13-36
129            android:exported="true"
129-->src/main/AndroidManifest.xml:473:13-36
130            android:icon="@mipmap/ic_launcher_deep_orange"
130-->src/main/AndroidManifest.xml:474:13-59
131            android:roundIcon="@mipmap/ic_launcher_deep_orange"
131-->src/main/AndroidManifest.xml:475:13-64
132            android:targetActivity="com.simplemobiletools.smsmessenger.activities.SplashActivity" >
132-->src/main/AndroidManifest.xml:476:13-64
133            <intent-filter>
133-->src/main/AndroidManifest.xml:269:13-272:29
134                <action android:name="android.intent.action.MAIN" />
134-->src/main/AndroidManifest.xml:270:17-69
134-->src/main/AndroidManifest.xml:270:25-66
135
136                <category android:name="android.intent.category.LAUNCHER" />
136-->src/main/AndroidManifest.xml:271:17-77
136-->src/main/AndroidManifest.xml:271:27-74
137            </intent-filter>
138        </activity-alias>
139        <activity-alias
139-->src/main/AndroidManifest.xml:457:9-468:26
140            android:name="com.simplemobiletools.smsmessenger.activities.SplashActivity.Orange"
140-->src/main/AndroidManifest.xml:458:13-61
141            android:enabled="true"
141-->src/main/AndroidManifest.xml:459:13-35
142            android:exported="true"
142-->src/main/AndroidManifest.xml:460:13-36
143            android:icon="@mipmap/ic_launcher"
143-->src/main/AndroidManifest.xml:461:13-47
144            android:roundIcon="@mipmap/ic_launcher"
144-->src/main/AndroidManifest.xml:462:13-52
145            android:targetActivity="com.simplemobiletools.smsmessenger.activities.SplashActivity" >
145-->src/main/AndroidManifest.xml:463:13-64
146            <intent-filter>
146-->src/main/AndroidManifest.xml:269:13-272:29
147                <action android:name="android.intent.action.MAIN" />
147-->src/main/AndroidManifest.xml:270:17-69
147-->src/main/AndroidManifest.xml:270:25-66
148
149                <category android:name="android.intent.category.LAUNCHER" />
149-->src/main/AndroidManifest.xml:271:17-77
149-->src/main/AndroidManifest.xml:271:27-74
150            </intent-filter>
151        </activity-alias>
152        <activity-alias
152-->src/main/AndroidManifest.xml:443:9-455:26
153            android:name="com.simplemobiletools.smsmessenger.activities.SplashActivity.Amber"
153-->src/main/AndroidManifest.xml:444:13-60
154            android:enabled="false"
154-->src/main/AndroidManifest.xml:445:13-36
155            android:exported="true"
155-->src/main/AndroidManifest.xml:446:13-36
156            android:icon="@mipmap/ic_launcher_amber"
156-->src/main/AndroidManifest.xml:447:13-53
157            android:roundIcon="@mipmap/ic_launcher_amber"
157-->src/main/AndroidManifest.xml:448:13-58
158            android:targetActivity="com.simplemobiletools.smsmessenger.activities.SplashActivity" >
158-->src/main/AndroidManifest.xml:449:13-64
159            <intent-filter>
159-->src/main/AndroidManifest.xml:269:13-272:29
160                <action android:name="android.intent.action.MAIN" />
160-->src/main/AndroidManifest.xml:270:17-69
160-->src/main/AndroidManifest.xml:270:25-66
161
162                <category android:name="android.intent.category.LAUNCHER" />
162-->src/main/AndroidManifest.xml:271:17-77
162-->src/main/AndroidManifest.xml:271:27-74
163            </intent-filter>
164        </activity-alias>
165        <activity-alias
165-->src/main/AndroidManifest.xml:429:9-441:26
166            android:name="com.simplemobiletools.smsmessenger.activities.SplashActivity.Yellow"
166-->src/main/AndroidManifest.xml:430:13-61
167            android:enabled="false"
167-->src/main/AndroidManifest.xml:431:13-36
168            android:exported="true"
168-->src/main/AndroidManifest.xml:432:13-36
169            android:icon="@mipmap/ic_launcher_yellow"
169-->src/main/AndroidManifest.xml:433:13-54
170            android:roundIcon="@mipmap/ic_launcher_yellow"
170-->src/main/AndroidManifest.xml:434:13-59
171            android:targetActivity="com.simplemobiletools.smsmessenger.activities.SplashActivity" >
171-->src/main/AndroidManifest.xml:435:13-64
172            <intent-filter>
172-->src/main/AndroidManifest.xml:269:13-272:29
173                <action android:name="android.intent.action.MAIN" />
173-->src/main/AndroidManifest.xml:270:17-69
173-->src/main/AndroidManifest.xml:270:25-66
174
175                <category android:name="android.intent.category.LAUNCHER" />
175-->src/main/AndroidManifest.xml:271:17-77
175-->src/main/AndroidManifest.xml:271:27-74
176            </intent-filter>
177        </activity-alias>
178        <activity-alias
178-->src/main/AndroidManifest.xml:415:9-427:26
179            android:name="com.simplemobiletools.smsmessenger.activities.SplashActivity.Lime"
179-->src/main/AndroidManifest.xml:416:13-59
180            android:enabled="false"
180-->src/main/AndroidManifest.xml:417:13-36
181            android:exported="true"
181-->src/main/AndroidManifest.xml:418:13-36
182            android:icon="@mipmap/ic_launcher_lime"
182-->src/main/AndroidManifest.xml:419:13-52
183            android:roundIcon="@mipmap/ic_launcher_lime"
183-->src/main/AndroidManifest.xml:420:13-57
184            android:targetActivity="com.simplemobiletools.smsmessenger.activities.SplashActivity" >
184-->src/main/AndroidManifest.xml:421:13-64
185            <intent-filter>
185-->src/main/AndroidManifest.xml:269:13-272:29
186                <action android:name="android.intent.action.MAIN" />
186-->src/main/AndroidManifest.xml:270:17-69
186-->src/main/AndroidManifest.xml:270:25-66
187
188                <category android:name="android.intent.category.LAUNCHER" />
188-->src/main/AndroidManifest.xml:271:17-77
188-->src/main/AndroidManifest.xml:271:27-74
189            </intent-filter>
190        </activity-alias>
191        <activity-alias
191-->src/main/AndroidManifest.xml:401:9-413:26
192            android:name="com.simplemobiletools.smsmessenger.activities.SplashActivity.Light_green"
192-->src/main/AndroidManifest.xml:402:13-66
193            android:enabled="false"
193-->src/main/AndroidManifest.xml:403:13-36
194            android:exported="true"
194-->src/main/AndroidManifest.xml:404:13-36
195            android:icon="@mipmap/ic_launcher_light_green"
195-->src/main/AndroidManifest.xml:405:13-59
196            android:roundIcon="@mipmap/ic_launcher_light_green"
196-->src/main/AndroidManifest.xml:406:13-64
197            android:targetActivity="com.simplemobiletools.smsmessenger.activities.SplashActivity" >
197-->src/main/AndroidManifest.xml:407:13-64
198            <intent-filter>
198-->src/main/AndroidManifest.xml:269:13-272:29
199                <action android:name="android.intent.action.MAIN" />
199-->src/main/AndroidManifest.xml:270:17-69
199-->src/main/AndroidManifest.xml:270:25-66
200
201                <category android:name="android.intent.category.LAUNCHER" />
201-->src/main/AndroidManifest.xml:271:17-77
201-->src/main/AndroidManifest.xml:271:27-74
202            </intent-filter>
203        </activity-alias>
204        <activity-alias
204-->src/main/AndroidManifest.xml:387:9-399:26
205            android:name="com.simplemobiletools.smsmessenger.activities.SplashActivity.Green"
205-->src/main/AndroidManifest.xml:388:13-60
206            android:enabled="false"
206-->src/main/AndroidManifest.xml:389:13-36
207            android:exported="true"
207-->src/main/AndroidManifest.xml:390:13-36
208            android:icon="@mipmap/ic_launcher_green"
208-->src/main/AndroidManifest.xml:391:13-53
209            android:roundIcon="@mipmap/ic_launcher_green"
209-->src/main/AndroidManifest.xml:392:13-58
210            android:targetActivity="com.simplemobiletools.smsmessenger.activities.SplashActivity" >
210-->src/main/AndroidManifest.xml:393:13-64
211            <intent-filter>
211-->src/main/AndroidManifest.xml:269:13-272:29
212                <action android:name="android.intent.action.MAIN" />
212-->src/main/AndroidManifest.xml:270:17-69
212-->src/main/AndroidManifest.xml:270:25-66
213
214                <category android:name="android.intent.category.LAUNCHER" />
214-->src/main/AndroidManifest.xml:271:17-77
214-->src/main/AndroidManifest.xml:271:27-74
215            </intent-filter>
216        </activity-alias>
217        <activity-alias
217-->src/main/AndroidManifest.xml:373:9-385:26
218            android:name="com.simplemobiletools.smsmessenger.activities.SplashActivity.Teal"
218-->src/main/AndroidManifest.xml:374:13-59
219            android:enabled="false"
219-->src/main/AndroidManifest.xml:375:13-36
220            android:exported="true"
220-->src/main/AndroidManifest.xml:376:13-36
221            android:icon="@mipmap/ic_launcher_teal"
221-->src/main/AndroidManifest.xml:377:13-52
222            android:roundIcon="@mipmap/ic_launcher_teal"
222-->src/main/AndroidManifest.xml:378:13-57
223            android:targetActivity="com.simplemobiletools.smsmessenger.activities.SplashActivity" >
223-->src/main/AndroidManifest.xml:379:13-64
224            <intent-filter>
224-->src/main/AndroidManifest.xml:269:13-272:29
225                <action android:name="android.intent.action.MAIN" />
225-->src/main/AndroidManifest.xml:270:17-69
225-->src/main/AndroidManifest.xml:270:25-66
226
227                <category android:name="android.intent.category.LAUNCHER" />
227-->src/main/AndroidManifest.xml:271:17-77
227-->src/main/AndroidManifest.xml:271:27-74
228            </intent-filter>
229        </activity-alias>
230        <activity-alias
230-->src/main/AndroidManifest.xml:359:9-371:26
231            android:name="com.simplemobiletools.smsmessenger.activities.SplashActivity.Cyan"
231-->src/main/AndroidManifest.xml:360:13-59
232            android:enabled="false"
232-->src/main/AndroidManifest.xml:361:13-36
233            android:exported="true"
233-->src/main/AndroidManifest.xml:362:13-36
234            android:icon="@mipmap/ic_launcher_cyan"
234-->src/main/AndroidManifest.xml:363:13-52
235            android:roundIcon="@mipmap/ic_launcher_cyan"
235-->src/main/AndroidManifest.xml:364:13-57
236            android:targetActivity="com.simplemobiletools.smsmessenger.activities.SplashActivity" >
236-->src/main/AndroidManifest.xml:365:13-64
237            <intent-filter>
237-->src/main/AndroidManifest.xml:269:13-272:29
238                <action android:name="android.intent.action.MAIN" />
238-->src/main/AndroidManifest.xml:270:17-69
238-->src/main/AndroidManifest.xml:270:25-66
239
240                <category android:name="android.intent.category.LAUNCHER" />
240-->src/main/AndroidManifest.xml:271:17-77
240-->src/main/AndroidManifest.xml:271:27-74
241            </intent-filter>
242        </activity-alias>
243        <activity-alias
243-->src/main/AndroidManifest.xml:345:9-357:26
244            android:name="com.simplemobiletools.smsmessenger.activities.SplashActivity.Light_blue"
244-->src/main/AndroidManifest.xml:346:13-65
245            android:enabled="false"
245-->src/main/AndroidManifest.xml:347:13-36
246            android:exported="true"
246-->src/main/AndroidManifest.xml:348:13-36
247            android:icon="@mipmap/ic_launcher_light_blue"
247-->src/main/AndroidManifest.xml:349:13-58
248            android:roundIcon="@mipmap/ic_launcher_light_blue"
248-->src/main/AndroidManifest.xml:350:13-63
249            android:targetActivity="com.simplemobiletools.smsmessenger.activities.SplashActivity" >
249-->src/main/AndroidManifest.xml:351:13-64
250            <intent-filter>
250-->src/main/AndroidManifest.xml:269:13-272:29
251                <action android:name="android.intent.action.MAIN" />
251-->src/main/AndroidManifest.xml:270:17-69
251-->src/main/AndroidManifest.xml:270:25-66
252
253                <category android:name="android.intent.category.LAUNCHER" />
253-->src/main/AndroidManifest.xml:271:17-77
253-->src/main/AndroidManifest.xml:271:27-74
254            </intent-filter>
255        </activity-alias>
256        <activity-alias
256-->src/main/AndroidManifest.xml:331:9-343:26
257            android:name="com.simplemobiletools.smsmessenger.activities.SplashActivity.Blue"
257-->src/main/AndroidManifest.xml:332:13-59
258            android:enabled="false"
258-->src/main/AndroidManifest.xml:333:13-36
259            android:exported="true"
259-->src/main/AndroidManifest.xml:334:13-36
260            android:icon="@mipmap/ic_launcher_blue"
260-->src/main/AndroidManifest.xml:335:13-52
261            android:roundIcon="@mipmap/ic_launcher_blue"
261-->src/main/AndroidManifest.xml:336:13-57
262            android:targetActivity="com.simplemobiletools.smsmessenger.activities.SplashActivity" >
262-->src/main/AndroidManifest.xml:337:13-64
263            <intent-filter>
263-->src/main/AndroidManifest.xml:269:13-272:29
264                <action android:name="android.intent.action.MAIN" />
264-->src/main/AndroidManifest.xml:270:17-69
264-->src/main/AndroidManifest.xml:270:25-66
265
266                <category android:name="android.intent.category.LAUNCHER" />
266-->src/main/AndroidManifest.xml:271:17-77
266-->src/main/AndroidManifest.xml:271:27-74
267            </intent-filter>
268        </activity-alias>
269        <activity-alias
269-->src/main/AndroidManifest.xml:317:9-329:26
270            android:name="com.simplemobiletools.smsmessenger.activities.SplashActivity.Indigo"
270-->src/main/AndroidManifest.xml:318:13-61
271            android:enabled="false"
271-->src/main/AndroidManifest.xml:319:13-36
272            android:exported="true"
272-->src/main/AndroidManifest.xml:320:13-36
273            android:icon="@mipmap/ic_launcher_indigo"
273-->src/main/AndroidManifest.xml:321:13-54
274            android:roundIcon="@mipmap/ic_launcher_indigo"
274-->src/main/AndroidManifest.xml:322:13-59
275            android:targetActivity="com.simplemobiletools.smsmessenger.activities.SplashActivity" >
275-->src/main/AndroidManifest.xml:323:13-64
276            <intent-filter>
276-->src/main/AndroidManifest.xml:269:13-272:29
277                <action android:name="android.intent.action.MAIN" />
277-->src/main/AndroidManifest.xml:270:17-69
277-->src/main/AndroidManifest.xml:270:25-66
278
279                <category android:name="android.intent.category.LAUNCHER" />
279-->src/main/AndroidManifest.xml:271:17-77
279-->src/main/AndroidManifest.xml:271:27-74
280            </intent-filter>
281        </activity-alias>
282        <activity-alias
282-->src/main/AndroidManifest.xml:303:9-315:26
283            android:name="com.simplemobiletools.smsmessenger.activities.SplashActivity.Deep_purple"
283-->src/main/AndroidManifest.xml:304:13-66
284            android:enabled="false"
284-->src/main/AndroidManifest.xml:305:13-36
285            android:exported="true"
285-->src/main/AndroidManifest.xml:306:13-36
286            android:icon="@mipmap/ic_launcher_deep_purple"
286-->src/main/AndroidManifest.xml:307:13-59
287            android:roundIcon="@mipmap/ic_launcher_deep_purple"
287-->src/main/AndroidManifest.xml:308:13-64
288            android:targetActivity="com.simplemobiletools.smsmessenger.activities.SplashActivity" >
288-->src/main/AndroidManifest.xml:309:13-64
289            <intent-filter>
289-->src/main/AndroidManifest.xml:269:13-272:29
290                <action android:name="android.intent.action.MAIN" />